<?xml version="1.0" encoding="UTF-8"?>
<!-- Generated by org.testng.reporters.JUnitReportReporter -->
<testsuite hostname="DESKTOP-7PKH5IA" failures="0" tests="1" name="testcases.Amazon_Tc001" time="226.931" errors="0" timestamp="2023-07-13T22:26:53 IST" skipped="0">
  <testcase classname="testcases.Amazon_Tc001" name="AM001" time="226.931"/>
  <system-out>
    <![CDATA[total cost increased from   999.00to  999.00]]>
  </system-out>
</testsuite> <!-- testcases.Amazon_Tc001 -->
