<?xml version="1.0" encoding="UTF-8"?>
<!-- Generated by org.testng.reporters.JUnitReportReporter -->
<testsuite hostname="DESKTOP-7PKH5IA" failures="0" tests="1" name="testcases.AMAZON_Signup" time="281.845" errors="0" timestamp="2023-07-13T17:28:57 IST" skipped="0">
  <testcase classname="testcases.AMAZON_Signup" name="AM001" time="281.845"/>
  <system-out/>
</testsuite> <!-- testcases.AMAZON_Signup -->
